239999973
684571164
231880886
449169237
764006305
434005802
646542975
116885653
428080935
85412261
14333414
889477139
261450501
912865801
455655292
958910802
186604063
39026786
272287487
766868627
19847269
564523504
997436695
540158996
836657264
890884910
77256097
300378196
811678272
580216136
378175653
496186341
387044088
642842054
658645018
541796001
825097360
859488724
543148829
687325539
184403955
109361859
218207500
153228928
306212374
23538876
155227429
177512969
916975675
102025670
98944112
919455746
321576282
793558450
478789677
791947406
886349513
782353128
977768500
787288009
969433105
665778691
267180086
584201549
895225232
833687301
839839754
679138908
498672101
63249007
154150276
936565665
674783857
200696274
782289577
572503478
322377348
492607639
765294206
612965233
524000703
137528731
609499551
375742986
942585798
604616291
711476285
336859464
815796440
350306858
615896140
968544154
482110288
592429328
60427783
103763721
48168155
874922680
910098629
87345995
