673217276
602756526
60820323
876133529
776041876
243005574
699644488
791899794
384291489
658585475
515303573
284356006
227721943
123103174
540145139
932630289
908803103
276185797
556317920
573710018
138546528
480008815
621718941
839748275
177224152
948578767
356321919
530154436
917781708
720048630
959683522
872212883
360820805
365890838
543838775
299782258
629392554
335206869
596090583
886162406
864525870
637977766
492425323
115674053
867857234
263682297
758414984
156711707
233821597
160199481
139389161
210039559
370768960
564509044
933870850
971292437
211882003
205771656
927012220
376753264
311416263
233396405
867882737
142534230
664969940
125745194
594891556
708109571
150093783
215073924
626181305
800825355
541632369
638449247
136727496
736918300
324956433
10056265
83566629
175676005
753887738
693982010
210844394
385569422
562231848
916816453
372868001
363390646
219755163
774175347
92651276
180938469
39619733
998608645
958394017
109646462
179052442
554388091
628907584
740668279
